<?xml version="1.0" encoding="UTF-8"?>
<testng-results ignored="0" total="1" passed="1" failed="0" skipped="0">
  <reporter-output>
  </reporter-output>
  <suite started-at="2021-11-12T13:38:05 IST" name="Default suite" finished-at="2021-11-12T13:38:31 IST" duration-ms="25461">
    <groups>
    </groups>
    <test started-at="2021-11-12T13:38:05 IST" name="Default test" finished-at="2021-11-12T13:38:31 IST" duration-ms="25461">
      <class name="com.TestNG_MVN_Cmd.Sample_TestNG_MVN_Cmd_Test">
        <test-method signature="createOrgTest()[pri:0, instance:com.TestNG_MVN_Cmd.Sample_TestNG_MVN_Cmd_Test@72057ecf]" started-at="2021-11-12T13:38:05 IST" name="createOrgTest" finished-at="2021-11-12T13:38:30 IST" duration-ms="25367" status="PASS">
          <reporter-output>
          </reporter-output>
        </test-method> <!-- createOrgTest -->
      </class> <!-- com.TestNG_MVN_Cmd.Sample_TestNG_MVN_Cmd_Test -->
    </test> <!-- Default test -->
  </suite> <!-- Default suite -->
</testng-results>
