<?xml version="1.0" encoding="UTF-8"?>
<testng-results ignored="0" total="1" passed="1" failed="0" skipped="0">
  <reporter-output>
  </reporter-output>
  <suite started-at="2021-11-10T18:14:28 IST" name="Default suite" finished-at="2021-11-10T18:14:28 IST" duration-ms="84">
    <groups>
    </groups>
    <test started-at="2021-11-10T18:14:28 IST" name="Default test" finished-at="2021-11-10T18:14:28 IST" duration-ms="84">
      <class name="com.TestNG_MVN_Cmd.ReadDataFromCmdTest">
        <test-method signature="readData()[pri:0, instance:com.TestNG_MVN_Cmd.ReadDataFromCmdTest@4ac3c60d]" started-at="2021-11-10T18:14:28 IST" name="readData" finished-at="2021-11-10T18:14:28 IST" duration-ms="15" status="PASS">
          <reporter-output>
          </reporter-output>
        </test-method> <!-- readData -->
      </class> <!-- com.TestNG_MVN_Cmd.ReadDataFromCmdTest -->
    </test> <!-- Default test -->
  </suite> <!-- Default suite -->
</testng-results>
